<?xml version="1.0" encoding="UTF-8"?>
<testng-results skipped="0" failed="0" total="1" passed="1">
  <reporter-output>
  </reporter-output>
  <suite name="Default suite" duration-ms="4304" started-at="2019-08-17T15:05:51Z" finished-at="2019-08-17T15:05:56Z">
    <groups>
    </groups>
    <test name="Default test" duration-ms="4304" started-at="2019-08-17T15:05:51Z" finished-at="2019-08-17T15:05:56Z">
      <class name="restTest.ApiTest">
        <test-method status="PASS" signature="setup()[pri:0, instance:restTest.ApiTest@66d2e7d9]" name="setup" is-config="true" duration-ms="12" started-at="2019-08-17T20:35:51Z" finished-at="2019-08-17T20:35:51Z">
          <reporter-output>
          </reporter-output>
        </test-method> <!-- setup -->
        <test-method status="PASS" signature="getTest()[pri:0, instance:restTest.ApiTest@66d2e7d9]" name="getTest" duration-ms="4258" started-at="2019-08-17T20:35:51Z" finished-at="2019-08-17T20:35:56Z">
          <reporter-output>
          </reporter-output>
        </test-method> <!-- getTest -->
      </class> <!-- restTest.ApiTest -->
    </test> <!-- Default test -->
  </suite> <!-- Default suite -->
</testng-results>
